# JRE version: OpenJDK Runtime Environment (8.0_202-b03) (build 1.8.0_202-release-1483-b03)
# Java VM: OpenJDK 64-Bit Server VM (25.202-b03 mixed mode windows-amd64 compressed oops)
Heap:
 PSYoungGen      total 485376K, used 425920K [0x00000000e0000000, 0x0000000100000000, 0x0000000100000000)
  eden space 449536K, 94% used [0x00000000e0000000,0x00000000f9cb00a8,0x00000000fb700000)
  from space 35840K, 9% used [0x00000000fb700000,0x00000000fba40000,0x00000000fda00000)
  to   space 35840K, 0% used [0x00000000fdd00000,0x00000000fdd00000,0x0000000100000000)
 ParOldGen       total 132096K, used 112113K [0x00000000a0000000, 0x00000000a8100000, 0x00000000e0000000)
  object space 132096K, 84% used [0x00000000a0000000,0x00000000a6d7c728,0x00000000a8100000)
 Metaspace       used 102589K, capacity 108540K, committed 108800K, reserved 1144832K
  class space    used 12938K, capacity 13964K, committed 14080K, reserved 1048576K
GC Heap History (10 events):
Event: 3919.162 GC heap before
{Heap before GC invocations=47 (full 4):
 PSYoungGen      total 485376K, used 462756K [0x00000000e0000000, 0x00000000ffe00000, 0x0000000100000000)
  eden space 451584K, 100% used [0x00000000e0000000,0x00000000fb900000,0x00000000fb900000)
  from space 33792K, 33% used [0x00000000fdd00000,0x00000000fe7e91e8,0x00000000ffe00000)
  to   space 35328K, 0% used [0x00000000fb900000,0x00000000fb900000,0x00000000fdb80000)
 ParOldGen       total 132096K, used 80387K [0x00000000a0000000, 0x00000000a8100000, 0x00000000e0000000)
  object space 132096K, 60% used [0x00000000a0000000,0x00000000a4e80ca0,0x00000000a8100000)
 Metaspace       used 101967K, capacity 107810K, committed 107904K, reserved 1142784K
  class space    used 12905K, capacity 13941K, committed 13952K, reserved 1048576K
Event: 3919.206 GC heap after
Heap after GC invocations=47 (full 4):
 PSYoungGen      total 486912K, used 9926K [0x00000000e0000000, 0x00000000fff80000, 0x0000000100000000)
  eden space 451584K, 0% used [0x00000000e0000000,0x00000000e0000000,0x00000000fb900000)
  from space 35328K, 28% used [0x00000000fb900000,0x00000000fc2b1b18,0x00000000fdb80000)
  to   space 34304K, 0% used [0x00000000fde00000,0x00000000fde00000,0x00000000fff80000)
 ParOldGen       total 132096K, used 88102K [0x00000000a0000000, 0x00000000a8100000, 0x00000000e0000000)
  object space 132096K, 66% used [0x00000000a0000000,0x00000000a5609af8,0x00000000a8100000)
 Metaspace       used 101967K, capacity 107810K, committed 107904K, reserved 1142784K
  class space    used 12905K, capacity 13941K, committed 13952K, reserved 1048576K
}
Event: 3921.172 GC heap before
{Heap before GC invocations=48 (full 4):
 PSYoungGen      total 486912K, used 461510K [0x00000000e0000000, 0x00000000fff80000, 0x0000000100000000)
  eden space 451584K, 100% used [0x00000000e0000000,0x00000000fb900000,0x00000000fb900000)
  from space 35328K, 28% used [0x00000000fb900000,0x00000000fc2b1b18,0x00000000fdb80000)
  to   space 34304K, 0% used [0x00000000fde00000,0x00000000fde00000,0x00000000fff80000)
 ParOldGen       total 132096K, used 88102K [0x00000000a0000000, 0x00000000a8100000, 0x00000000e0000000)
  object space 132096K, 66% used [0x00000000a0000000,0x00000000a5609af8,0x00000000a8100000)
 Metaspace       used 101990K, capacity 107810K, committed 107904K, reserved 1142784K
  class space    used 12905K, capacity 13941K, committed 13952K, reserved 1048576K
Event: 3921.225 GC heap after
Heap after GC invocations=48 (full 4):
 PSYoungGen      total 482816K, used 30021K [0x00000000e0000000, 0x0000000100000000, 0x0000000100000000)
  eden space 448512K, 0% used [0x00000000e0000000,0x00000000e0000000,0x00000000fb600000)
  from space 34304K, 87% used [0x00000000fde00000,0x00000000ffb515f0,0x00000000fff80000)
  to   space 37888K, 0% used [0x00000000fb600000,0x00000000fb600000,0x00000000fdb00000)
 ParOldGen       total 132096K, used 91582K [0x00000000a0000000, 0x00000000a8100000, 0x00000000e0000000)
  object space 132096K, 69% used [0x00000000a0000000,0x00000000a596fb48,0x00000000a8100000)
 Metaspace       used 101990K, capacity 107810K, committed 107904K, reserved 1142784K
  class space    used 12905K, capacity 13941K, committed 13952K, reserved 1048576K
}
Event: 5599.961 GC heap before
{Heap before GC invocations=49 (full 4):
 PSYoungGen      total 482816K, used 478533K [0x00000000e0000000, 0x0000000100000000, 0x0000000100000000)
  eden space 448512K, 100% used [0x00000000e0000000,0x00000000fb600000,0x00000000fb600000)
  from space 34304K, 87% used [0x00000000fde00000,0x00000000ffb515f0,0x00000000fff80000)
  to   space 37888K, 0% used [0x00000000fb600000,0x00000000fb600000,0x00000000fdb00000)
 ParOldGen       total 132096K, used 91582K [0x00000000a0000000, 0x00000000a8100000, 0x00000000e0000000)
  object space 132096K, 69% used [0x00000000a0000000,0x00000000a596fb48,0x00000000a8100000)
 Metaspace       used 102471K, capacity 108440K, committed 108800K, reserved 1144832K
  class space    used 12934K, capacity 13958K, committed 14080K, reserved 1048576K
Event: 5600.055 GC heap after
Heap after GC invocations=49 (full 4):
 PSYoungGen      total 486400K, used 12262K [0x00000000e0000000, 0x0000000100000000, 0x0000000100000000)
  eden space 448512K, 0% used [0x00000000e0000000,0x00000000e0000000,0x00000000fb600000)
  from space 37888K, 32% used [0x00000000fb600000,0x00000000fc1f9918,0x00000000fdb00000)
  to   space 36864K, 0% used [0x00000000fdc00000,0x00000000fdc00000,0x0000000100000000)
 ParOldGen       total 132096K, used 96850K [0x00000000a0000000, 0x00000000a8100000, 0x00000000e0000000)
  object space 132096K, 73% used [0x00000000a0000000,0x00000000a5e94bc8,0x00000000a8100000)
 Metaspace       used 102471K, capacity 108440K, committed 108800K, reserved 1144832K
  class space    used 12934K, capacity 13958K, committed 14080K, reserved 1048576K
}
Event: 5601.605 GC heap before
{Heap before GC invocations=50 (full 4):
 PSYoungGen      total 486400K, used 460774K [0x00000000e0000000, 0x0000000100000000, 0x0000000100000000)
  eden space 448512K, 100% used [0x00000000e0000000,0x00000000fb600000,0x00000000fb600000)
  from space 37888K, 32% used [0x00000000fb600000,0x00000000fc1f9918,0x00000000fdb00000)
  to   space 36864K, 0% used [0x00000000fdc00000,0x00000000fdc00000,0x0000000100000000)
 ParOldGen       total 132096K, used 96850K [0x00000000a0000000, 0x00000000a8100000, 0x00000000e0000000)
  object space 132096K, 73% used [0x00000000a0000000,0x00000000a5e94bc8,0x00000000a8100000)
 Metaspace       used 102490K, capacity 108470K, committed 108800K, reserved 1144832K
  class space    used 12938K, capacity 13963K, committed 14080K, reserved 1048576K
Event: 5601.643 GC heap after
Heap after GC invocations=50 (full 4):
 PSYoungGen      total 483328K, used 11386K [0x00000000e0000000, 0x00000000ffd00000, 0x0000000100000000)
  eden space 449536K, 0% used [0x00000000e0000000,0x00000000e0000000,0x00000000fb700000)
  from space 33792K, 33% used [0x00000000fdc00000,0x00000000fe71e878,0x00000000ffd00000)
  to   space 35840K, 0% used [0x00000000fb700000,0x00000000fb700000,0x00000000fda00000)
 ParOldGen       total 132096K, used 102837K [0x00000000a0000000, 0x00000000a8100000, 0x00000000e0000000)
  object space 132096K, 77% used [0x00000000a0000000,0x00000000a646d6f0,0x00000000a8100000)
 Metaspace       used 102490K, capacity 108470K, committed 108800K, reserved 1144832K
  class space    used 12938K, capacity 13963K, committed 14080K, reserved 1048576K
}
Event: 5602.697 GC heap before
{Heap before GC invocations=51 (full 4):
 PSYoungGen      total 483328K, used 460922K [0x00000000e0000000, 0x00000000ffd00000, 0x0000000100000000)
  eden space 449536K, 100% used [0x00000000e0000000,0x00000000fb700000,0x00000000fb700000)
  from space 33792K, 33% used [0x00000000fdc00000,0x00000000fe71e878,0x00000000ffd00000)
  to   space 35840K, 0% used [0x00000000fb700000,0x00000000fb700000,0x00000000fda00000)
 ParOldGen       total 132096K, used 102837K [0x00000000a0000000, 0x00000000a8100000, 0x00000000e0000000)
  object space 132096K, 77% used [0x00000000a0000000,0x00000000a646d6f0,0x00000000a8100000)
 Metaspace       used 102490K, capacity 108470K, committed 108800K, reserved 1144832K
  class space    used 12938K, capacity 13963K, committed 14080K, reserved 1048576K
Event: 5602.721 GC heap after
Heap after GC invocations=51 (full 4):
 PSYoungGen      total 485376K, used 3328K [0x00000000e0000000, 0x0000000100000000, 0x0000000100000000)
  eden space 449536K, 0% used [0x00000000e0000000,0x00000000e0000000,0x00000000fb700000)
  from space 35840K, 9% used [0x00000000fb700000,0x00000000fba40000,0x00000000fda00000)
  to   space 35840K, 0% used [0x00000000fdd00000,0x00000000fdd00000,0x0000000100000000)
 ParOldGen       total 132096K, used 112113K [0x00000000a0000000, 0x00000000a8100000, 0x00000000e0000000)
  object space 132096K, 84% used [0x00000000a0000000,0x00000000a6d7c728,0x00000000a8100000)
 Metaspace       used 102490K, capacity 108470K, committed 108800K, reserved 1144832K
  class space    used 12938K, capacity 13963K, committed 14080K, reserved 1048576K
}

